0 info it worked if it ends with ok
1 verbose cli [ '/usr/bin/nodejs', '/usr/bin/npm', 'run', 'android' ]
2 info using npm@3.5.2
3 info using node@v4.2.6
4 verbose run-script [ 'preandroid', 'android', 'postandroid' ]
5 info lifecycle aws-mobile-react-native-sample@0.1.0~preandroid: aws-mobile-react-native-sample@0.1.0
6 silly lifecycle aws-mobile-react-native-sample@0.1.0~preandroid: no script for preandroid, continuing
7 info lifecycle aws-mobile-react-native-sample@0.1.0~android: aws-mobile-react-native-sample@0.1.0
8 verbose lifecycle aws-mobile-react-native-sample@0.1.0~android: unsafe-perm in lifecycle true
9 verbose lifecycle aws-mobile-react-native-sample@0.1.0~android: PATH: /usr/share/npm/bin/node-gyp-bin:/home/dirgh/Projects/bolo/db_bolo/node_modules/.bin:/usr/local/sbin:/usr/local/bin:/usr/sbin:/usr/bin:/sbin:/bin:/usr/games:/usr/local/games
10 verbose lifecycle aws-mobile-react-native-sample@0.1.0~android: CWD: /home/dirgh/Projects/bolo/db_bolo
11 silly lifecycle aws-mobile-react-native-sample@0.1.0~android: Args: [ '-c', 'react-native run-android' ]
12 silly lifecycle aws-mobile-react-native-sample@0.1.0~android: Returned: code: 1  signal: null
13 info lifecycle aws-mobile-react-native-sample@0.1.0~android: Failed to exec android script
14 verbose stack Error: aws-mobile-react-native-sample@0.1.0 android: `react-native run-android`
14 verbose stack Exit status 1
14 verbose stack     at EventEmitter.<anonymous> (/usr/share/npm/lib/utils/lifecycle.js:232:16)
14 verbose stack     at emitTwo (events.js:87:13)
14 verbose stack     at EventEmitter.emit (events.js:172:7)
14 verbose stack     at ChildProcess.<anonymous> (/usr/share/npm/lib/utils/spawn.js:24:14)
14 verbose stack     at emitTwo (events.js:87:13)
14 verbose stack     at ChildProcess.emit (events.js:172:7)
14 verbose stack     at maybeClose (internal/child_process.js:821:16)
14 verbose stack     at Process.ChildProcess._handle.onexit (internal/child_process.js:211:5)
15 verbose pkgid aws-mobile-react-native-sample@0.1.0
16 verbose cwd /home/dirgh/Projects/bolo/db_bolo
17 error Linux 4.4.0-124-generic
18 error argv "/usr/bin/nodejs" "/usr/bin/npm" "run" "android"
19 error node v4.2.6
20 error npm  v3.5.2
21 error code ELIFECYCLE
22 error aws-mobile-react-native-sample@0.1.0 android: `react-native run-android`
22 error Exit status 1
23 error Failed at the aws-mobile-react-native-sample@0.1.0 android script 'react-native run-android'.
23 error Make sure you have the latest version of node.js and npm installed.
23 error If you do, this is most likely a problem with the aws-mobile-react-native-sample package,
23 error not with npm itself.
23 error Tell the author that this fails on your system:
23 error     react-native run-android
23 error You can get information on how to open an issue for this project with:
23 error     npm bugs aws-mobile-react-native-sample
23 error Or if that isn't available, you can get their info via:
23 error     npm owner ls aws-mobile-react-native-sample
23 error There is likely additional logging output above.
24 verbose exit [ 1, true ]
